<?xml version="1.0" encoding="UTF-8"?>
<!-- Generated by org.testng.reporters.JUnitReportReporter -->
<testsuite hostname="PW7AM2XDH400622" name="qa.com.test.locationtestZoopla" tests="2" failures="0" timestamp="8 May 2019 14:58:54 GMT" time="48.079" errors="0">
  <testcase name="sortPrice" time="21.094" classname="qa.com.test.locationtestZoopla"/>
  <testcase name="clickOn5thProperty" time="26.985" classname="qa.com.test.locationtestZoopla"/>
</testsuite> <!-- qa.com.test.locationtestZoopla -->
