<?xml version="1.0" encoding="UTF-8"?>
<!-- Generated by org.testng.reporters.JUnitReportReporter -->
<testsuite hostname="PW7AM2XDH400622" name="qa.com.test.logintestZoopla" tests="1" failures="0" timestamp="8 May 2019 07:30:56 GMT" time="19.446" errors="0">
  <testcase name="enterLocation" time="19.446" classname="qa.com.test.logintestZoopla"/>
</testsuite> <!-- qa.com.test.logintestZoopla -->
